
*** Running vivado
    with args -log Basys3.vds -m64 -product Vivado -mode batch -messageDb vivado.pb -notrace -source Basys3.tcl


****** Vivado v2019.2 (64-bit)
  **** SW Build 2708876 on Wed Nov  6 21:40:23 MST 2019
  **** IP Build 2700528 on Thu Nov  7 00:09:20 MST 2019
    ** Copyright 1986-2019 Xilinx, Inc. All Rights Reserved.

source Basys3.tcl -notrace
Command: synth_design -top Basys3 -part xc7a35tcpg236-1
Starting synth_design
Attempting to get a license for feature 'Synthesis' and/or device 'xc7a35t'
INFO: [Common 17-349] Got license for feature 'Synthesis' and/or device 'xc7a35t'
INFO: [Device 21-403] Loading part xc7a35tcpg236-1
INFO: Launching helper process for spawning children vivado processes
INFO: Helper process launched with PID 18940 
---------------------------------------------------------------------------------
Starting RTL Elaboration : Time (s): cpu = 00:00:04 ; elapsed = 00:00:04 . Memory (MB): peak = 768.512 ; gain = 234.367
---------------------------------------------------------------------------------
INFO: [Synth 8-638] synthesizing module 'Basys3' [C:/Users/ignacio/Desktop/proyecto-grupo34-main/proyecto-grupo34-main/project_1_ff/project_1_ff.srcs/sources_1/new/Basys3.vhd:15]
INFO: [Synth 8-3491] module 'Display_Controller' declared at 'C:/Users/ignacio/Desktop/proyecto-grupo34-main/proyecto-grupo34-main/Proyecto Base/Proyecto Base.srcs/sources_1/new/Display_Controller.vhd:7' bound to instance 'inst_Display_Controller' of component 'Display_Controller' [C:/Users/ignacio/Desktop/proyecto-grupo34-main/proyecto-grupo34-main/project_1_ff/project_1_ff.srcs/sources_1/new/Basys3.vhd:136]
INFO: [Synth 8-638] synthesizing module 'Display_Controller' [C:/Users/ignacio/Desktop/proyecto-grupo34-main/proyecto-grupo34-main/Proyecto Base/Proyecto Base.srcs/sources_1/new/Display_Controller.vhd:19]
INFO: [Synth 8-226] default block is never used [C:/Users/ignacio/Desktop/proyecto-grupo34-main/proyecto-grupo34-main/Proyecto Base/Proyecto Base.srcs/sources_1/new/Display_Controller.vhd:55]
INFO: [Synth 8-256] done synthesizing module 'Display_Controller' (1#1) [C:/Users/ignacio/Desktop/proyecto-grupo34-main/proyecto-grupo34-main/Proyecto Base/Proyecto Base.srcs/sources_1/new/Display_Controller.vhd:19]
INFO: [Synth 8-3491] module 'Debouncer' declared at 'C:/Users/ignacio/Desktop/proyecto-grupo34-main/proyecto-grupo34-main/Proyecto Base/Proyecto Base.srcs/sources_1/new/Debouncer.vhd:8' bound to instance 'inst_Debouncer0' of component 'Debouncer' [C:/Users/ignacio/Desktop/proyecto-grupo34-main/proyecto-grupo34-main/project_1_ff/project_1_ff.srcs/sources_1/new/Basys3.vhd:147]
INFO: [Synth 8-638] synthesizing module 'Debouncer' [C:/Users/ignacio/Desktop/proyecto-grupo34-main/proyecto-grupo34-main/Proyecto Base/Proyecto Base.srcs/sources_1/new/Debouncer.vhd:14]
INFO: [Synth 8-256] done synthesizing module 'Debouncer' (2#1) [C:/Users/ignacio/Desktop/proyecto-grupo34-main/proyecto-grupo34-main/Proyecto Base/Proyecto Base.srcs/sources_1/new/Debouncer.vhd:14]
INFO: [Synth 8-3491] module 'Debouncer' declared at 'C:/Users/ignacio/Desktop/proyecto-grupo34-main/proyecto-grupo34-main/Proyecto Base/Proyecto Base.srcs/sources_1/new/Debouncer.vhd:8' bound to instance 'inst_Debouncer1' of component 'Debouncer' [C:/Users/ignacio/Desktop/proyecto-grupo34-main/proyecto-grupo34-main/project_1_ff/project_1_ff.srcs/sources_1/new/Basys3.vhd:148]
INFO: [Synth 8-3491] module 'Debouncer' declared at 'C:/Users/ignacio/Desktop/proyecto-grupo34-main/proyecto-grupo34-main/Proyecto Base/Proyecto Base.srcs/sources_1/new/Debouncer.vhd:8' bound to instance 'inst_Debouncer2' of component 'Debouncer' [C:/Users/ignacio/Desktop/proyecto-grupo34-main/proyecto-grupo34-main/project_1_ff/project_1_ff.srcs/sources_1/new/Basys3.vhd:149]
INFO: [Synth 8-3491] module 'Debouncer' declared at 'C:/Users/ignacio/Desktop/proyecto-grupo34-main/proyecto-grupo34-main/Proyecto Base/Proyecto Base.srcs/sources_1/new/Debouncer.vhd:8' bound to instance 'inst_Debouncer3' of component 'Debouncer' [C:/Users/ignacio/Desktop/proyecto-grupo34-main/proyecto-grupo34-main/project_1_ff/project_1_ff.srcs/sources_1/new/Basys3.vhd:150]
INFO: [Synth 8-3491] module 'Debouncer' declared at 'C:/Users/ignacio/Desktop/proyecto-grupo34-main/proyecto-grupo34-main/Proyecto Base/Proyecto Base.srcs/sources_1/new/Debouncer.vhd:8' bound to instance 'inst_Debouncer4' of component 'Debouncer' [C:/Users/ignacio/Desktop/proyecto-grupo34-main/proyecto-grupo34-main/project_1_ff/project_1_ff.srcs/sources_1/new/Basys3.vhd:151]
INFO: [Synth 8-3491] module 'RegisterFile' declared at 'C:/Users/ignacio/Desktop/proyecto-grupo34-main/proyecto-grupo34-main/project_1_ff/project_1_ff.srcs/sources_1/new/RegisterFile.vhd:23' bound to instance 'inst_RegisterFile' of component 'RegisterFile' [C:/Users/ignacio/Desktop/proyecto-grupo34-main/proyecto-grupo34-main/project_1_ff/project_1_ff.srcs/sources_1/new/Basys3.vhd:154]
INFO: [Synth 8-638] synthesizing module 'RegisterFile' [C:/Users/ignacio/Desktop/proyecto-grupo34-main/proyecto-grupo34-main/project_1_ff/project_1_ff.srcs/sources_1/new/RegisterFile.vhd:42]
INFO: [Synth 8-3491] module 'RegistroStatus' declared at 'C:/Users/ignacio/Desktop/proyecto-grupo34-main/proyecto-grupo34-main/Proyecto Base/Proyecto Base.srcs/sources_1/new/RegistroStatus.vhd:24' bound to instance 'status_reg' of component 'RegistroStatus' [C:/Users/ignacio/Desktop/proyecto-grupo34-main/proyecto-grupo34-main/project_1_ff/project_1_ff.srcs/sources_1/new/RegisterFile.vhd:118]
INFO: [Synth 8-638] synthesizing module 'RegistroStatus' [C:/Users/ignacio/Desktop/proyecto-grupo34-main/proyecto-grupo34-main/Proyecto Base/Proyecto Base.srcs/sources_1/new/RegistroStatus.vhd:34]
INFO: [Synth 8-3491] module 'ffd' declared at 'C:/Users/ignacio/Desktop/proyecto-grupo34-main/proyecto-grupo34-main/Proyecto Base/Proyecto Base.srcs/sources_1/new/FFD.vhd:4' bound to instance 'ff0' of component 'FFD' [C:/Users/ignacio/Desktop/proyecto-grupo34-main/proyecto-grupo34-main/Proyecto Base/Proyecto Base.srcs/sources_1/new/RegistroStatus.vhd:45]
INFO: [Synth 8-638] synthesizing module 'ffd' [C:/Users/ignacio/Desktop/proyecto-grupo34-main/proyecto-grupo34-main/Proyecto Base/Proyecto Base.srcs/sources_1/new/FFD.vhd:14]
INFO: [Synth 8-256] done synthesizing module 'ffd' (3#1) [C:/Users/ignacio/Desktop/proyecto-grupo34-main/proyecto-grupo34-main/Proyecto Base/Proyecto Base.srcs/sources_1/new/FFD.vhd:14]
INFO: [Synth 8-3491] module 'ffd' declared at 'C:/Users/ignacio/Desktop/proyecto-grupo34-main/proyecto-grupo34-main/Proyecto Base/Proyecto Base.srcs/sources_1/new/FFD.vhd:4' bound to instance 'ff1' of component 'FFD' [C:/Users/ignacio/Desktop/proyecto-grupo34-main/proyecto-grupo34-main/Proyecto Base/Proyecto Base.srcs/sources_1/new/RegistroStatus.vhd:46]
INFO: [Synth 8-3491] module 'ffd' declared at 'C:/Users/ignacio/Desktop/proyecto-grupo34-main/proyecto-grupo34-main/Proyecto Base/Proyecto Base.srcs/sources_1/new/FFD.vhd:4' bound to instance 'ff2' of component 'FFD' [C:/Users/ignacio/Desktop/proyecto-grupo34-main/proyecto-grupo34-main/Proyecto Base/Proyecto Base.srcs/sources_1/new/RegistroStatus.vhd:47]
INFO: [Synth 8-256] done synthesizing module 'RegistroStatus' (4#1) [C:/Users/ignacio/Desktop/proyecto-grupo34-main/proyecto-grupo34-main/Proyecto Base/Proyecto Base.srcs/sources_1/new/RegistroStatus.vhd:34]
INFO: [Synth 8-3491] module 'RegistroPC' declared at 'C:/Users/ignacio/Desktop/proyecto-grupo34-main/proyecto-grupo34-main/Proyecto Base/Proyecto Base.srcs/sources_1/new/RegistroPC.vhd:24' bound to instance 'pc_reg' of component 'RegistroPC' [C:/Users/ignacio/Desktop/proyecto-grupo34-main/proyecto-grupo34-main/project_1_ff/project_1_ff.srcs/sources_1/new/RegisterFile.vhd:140]
INFO: [Synth 8-638] synthesizing module 'RegistroPC' [C:/Users/ignacio/Desktop/proyecto-grupo34-main/proyecto-grupo34-main/Proyecto Base/Proyecto Base.srcs/sources_1/new/RegistroPC.vhd:34]
INFO: [Synth 8-3491] module 'ffd' declared at 'C:/Users/ignacio/Desktop/proyecto-grupo34-main/proyecto-grupo34-main/Proyecto Base/Proyecto Base.srcs/sources_1/new/FFD.vhd:4' bound to instance 'ff0' of component 'ffd' [C:/Users/ignacio/Desktop/proyecto-grupo34-main/proyecto-grupo34-main/Proyecto Base/Proyecto Base.srcs/sources_1/new/RegistroPC.vhd:45]
INFO: [Synth 8-3491] module 'ffd' declared at 'C:/Users/ignacio/Desktop/proyecto-grupo34-main/proyecto-grupo34-main/Proyecto Base/Proyecto Base.srcs/sources_1/new/FFD.vhd:4' bound to instance 'ff1' of component 'ffd' [C:/Users/ignacio/Desktop/proyecto-grupo34-main/proyecto-grupo34-main/Proyecto Base/Proyecto Base.srcs/sources_1/new/RegistroPC.vhd:46]
INFO: [Synth 8-3491] module 'ffd' declared at 'C:/Users/ignacio/Desktop/proyecto-grupo34-main/proyecto-grupo34-main/Proyecto Base/Proyecto Base.srcs/sources_1/new/FFD.vhd:4' bound to instance 'ff2' of component 'ffd' [C:/Users/ignacio/Desktop/proyecto-grupo34-main/proyecto-grupo34-main/Proyecto Base/Proyecto Base.srcs/sources_1/new/RegistroPC.vhd:47]
INFO: [Synth 8-3491] module 'ffd' declared at 'C:/Users/ignacio/Desktop/proyecto-grupo34-main/proyecto-grupo34-main/Proyecto Base/Proyecto Base.srcs/sources_1/new/FFD.vhd:4' bound to instance 'ff3' of component 'ffd' [C:/Users/ignacio/Desktop/proyecto-grupo34-main/proyecto-grupo34-main/Proyecto Base/Proyecto Base.srcs/sources_1/new/RegistroPC.vhd:48]
INFO: [Synth 8-3491] module 'ffd' declared at 'C:/Users/ignacio/Desktop/proyecto-grupo34-main/proyecto-grupo34-main/Proyecto Base/Proyecto Base.srcs/sources_1/new/FFD.vhd:4' bound to instance 'ff4' of component 'ffd' [C:/Users/ignacio/Desktop/proyecto-grupo34-main/proyecto-grupo34-main/Proyecto Base/Proyecto Base.srcs/sources_1/new/RegistroPC.vhd:49]
INFO: [Synth 8-3491] module 'ffd' declared at 'C:/Users/ignacio/Desktop/proyecto-grupo34-main/proyecto-grupo34-main/Proyecto Base/Proyecto Base.srcs/sources_1/new/FFD.vhd:4' bound to instance 'ff5' of component 'ffd' [C:/Users/ignacio/Desktop/proyecto-grupo34-main/proyecto-grupo34-main/Proyecto Base/Proyecto Base.srcs/sources_1/new/RegistroPC.vhd:50]
INFO: [Synth 8-3491] module 'ffd' declared at 'C:/Users/ignacio/Desktop/proyecto-grupo34-main/proyecto-grupo34-main/Proyecto Base/Proyecto Base.srcs/sources_1/new/FFD.vhd:4' bound to instance 'ff6' of component 'ffd' [C:/Users/ignacio/Desktop/proyecto-grupo34-main/proyecto-grupo34-main/Proyecto Base/Proyecto Base.srcs/sources_1/new/RegistroPC.vhd:51]
INFO: [Synth 8-3491] module 'ffd' declared at 'C:/Users/ignacio/Desktop/proyecto-grupo34-main/proyecto-grupo34-main/Proyecto Base/Proyecto Base.srcs/sources_1/new/FFD.vhd:4' bound to instance 'ff7' of component 'ffd' [C:/Users/ignacio/Desktop/proyecto-grupo34-main/proyecto-grupo34-main/Proyecto Base/Proyecto Base.srcs/sources_1/new/RegistroPC.vhd:52]
INFO: [Synth 8-3491] module 'ffd' declared at 'C:/Users/ignacio/Desktop/proyecto-grupo34-main/proyecto-grupo34-main/Proyecto Base/Proyecto Base.srcs/sources_1/new/FFD.vhd:4' bound to instance 'ff8' of component 'ffd' [C:/Users/ignacio/Desktop/proyecto-grupo34-main/proyecto-grupo34-main/Proyecto Base/Proyecto Base.srcs/sources_1/new/RegistroPC.vhd:53]
INFO: [Synth 8-3491] module 'ffd' declared at 'C:/Users/ignacio/Desktop/proyecto-grupo34-main/proyecto-grupo34-main/Proyecto Base/Proyecto Base.srcs/sources_1/new/FFD.vhd:4' bound to instance 'ff9' of component 'ffd' [C:/Users/ignacio/Desktop/proyecto-grupo34-main/proyecto-grupo34-main/Proyecto Base/Proyecto Base.srcs/sources_1/new/RegistroPC.vhd:54]
INFO: [Synth 8-3491] module 'ffd' declared at 'C:/Users/ignacio/Desktop/proyecto-grupo34-main/proyecto-grupo34-main/Proyecto Base/Proyecto Base.srcs/sources_1/new/FFD.vhd:4' bound to instance 'ff10' of component 'ffd' [C:/Users/ignacio/Desktop/proyecto-grupo34-main/proyecto-grupo34-main/Proyecto Base/Proyecto Base.srcs/sources_1/new/RegistroPC.vhd:55]
INFO: [Synth 8-3491] module 'ffd' declared at 'C:/Users/ignacio/Desktop/proyecto-grupo34-main/proyecto-grupo34-main/Proyecto Base/Proyecto Base.srcs/sources_1/new/FFD.vhd:4' bound to instance 'ff11' of component 'ffd' [C:/Users/ignacio/Desktop/proyecto-grupo34-main/proyecto-grupo34-main/Proyecto Base/Proyecto Base.srcs/sources_1/new/RegistroPC.vhd:56]
INFO: [Synth 8-256] done synthesizing module 'RegistroPC' (5#1) [C:/Users/ignacio/Desktop/proyecto-grupo34-main/proyecto-grupo34-main/Proyecto Base/Proyecto Base.srcs/sources_1/new/RegistroPC.vhd:34]
INFO: [Synth 8-3491] module 'ALU' declared at 'C:/Users/ignacio/Desktop/proyecto-grupo34-main/proyecto-grupo34-main/Proyecto Base/Proyecto Base.srcs/sources_1/new/ALU.vhd:23' bound to instance 'alu_inst' of component 'ALU' [C:/Users/ignacio/Desktop/proyecto-grupo34-main/proyecto-grupo34-main/project_1_ff/project_1_ff.srcs/sources_1/new/RegisterFile.vhd:151]
INFO: [Synth 8-638] synthesizing module 'ALU' [C:/Users/ignacio/Desktop/proyecto-grupo34-main/proyecto-grupo34-main/Proyecto Base/Proyecto Base.srcs/sources_1/new/ALU.vhd:33]
INFO: [Synth 8-3491] module 'Sumador16bits' declared at 'C:/Users/ignacio/Desktop/proyecto-grupo34-main/proyecto-grupo34-main/Proyecto Base/Proyecto Base.srcs/sources_1/new/Sumador16bits.vhd:24' bound to instance 'sumador_inst' of component 'Sumador16bits' [C:/Users/ignacio/Desktop/proyecto-grupo34-main/proyecto-grupo34-main/Proyecto Base/Proyecto Base.srcs/sources_1/new/ALU.vhd:66]
INFO: [Synth 8-638] synthesizing module 'Sumador16bits' [C:/Users/ignacio/Desktop/proyecto-grupo34-main/proyecto-grupo34-main/Proyecto Base/Proyecto Base.srcs/sources_1/new/Sumador16bits.vhd:34]
INFO: [Synth 8-3491] module 'FullAdder' declared at 'C:/Users/ignacio/Desktop/proyecto-grupo34-main/proyecto-grupo34-main/Proyecto Base/Proyecto Base.srcs/sources_1/new/FullAdder.vhd:24' bound to instance 'fa0' of component 'FullAdder' [C:/Users/ignacio/Desktop/proyecto-grupo34-main/proyecto-grupo34-main/Proyecto Base/Proyecto Base.srcs/sources_1/new/Sumador16bits.vhd:51]
INFO: [Synth 8-638] synthesizing module 'FullAdder' [C:/Users/ignacio/Desktop/proyecto-grupo34-main/proyecto-grupo34-main/Proyecto Base/Proyecto Base.srcs/sources_1/new/FullAdder.vhd:34]
INFO: [Synth 8-256] done synthesizing module 'FullAdder' (6#1) [C:/Users/ignacio/Desktop/proyecto-grupo34-main/proyecto-grupo34-main/Proyecto Base/Proyecto Base.srcs/sources_1/new/FullAdder.vhd:34]
INFO: [Synth 8-3491] module 'FullAdder' declared at 'C:/Users/ignacio/Desktop/proyecto-grupo34-main/proyecto-grupo34-main/Proyecto Base/Proyecto Base.srcs/sources_1/new/FullAdder.vhd:24' bound to instance 'fa1' of component 'FullAdder' [C:/Users/ignacio/Desktop/proyecto-grupo34-main/proyecto-grupo34-main/Proyecto Base/Proyecto Base.srcs/sources_1/new/Sumador16bits.vhd:54]
INFO: [Synth 8-3491] module 'FullAdder' declared at 'C:/Users/ignacio/Desktop/proyecto-grupo34-main/proyecto-grupo34-main/Proyecto Base/Proyecto Base.srcs/sources_1/new/FullAdder.vhd:24' bound to instance 'fa2' of component 'FullAdder' [C:/Users/ignacio/Desktop/proyecto-grupo34-main/proyecto-grupo34-main/Proyecto Base/Proyecto Base.srcs/sources_1/new/Sumador16bits.vhd:55]
INFO: [Synth 8-3491] module 'FullAdder' declared at 'C:/Users/ignacio/Desktop/proyecto-grupo34-main/proyecto-grupo34-main/Proyecto Base/Proyecto Base.srcs/sources_1/new/FullAdder.vhd:24' bound to instance 'fa3' of component 'FullAdder' [C:/Users/ignacio/Desktop/proyecto-grupo34-main/proyecto-grupo34-main/Proyecto Base/Proyecto Base.srcs/sources_1/new/Sumador16bits.vhd:56]
INFO: [Synth 8-3491] module 'FullAdder' declared at 'C:/Users/ignacio/Desktop/proyecto-grupo34-main/proyecto-grupo34-main/Proyecto Base/Proyecto Base.srcs/sources_1/new/FullAdder.vhd:24' bound to instance 'fa4' of component 'FullAdder' [C:/Users/ignacio/Desktop/proyecto-grupo34-main/proyecto-grupo34-main/Proyecto Base/Proyecto Base.srcs/sources_1/new/Sumador16bits.vhd:57]
INFO: [Synth 8-3491] module 'FullAdder' declared at 'C:/Users/ignacio/Desktop/proyecto-grupo34-main/proyecto-grupo34-main/Proyecto Base/Proyecto Base.srcs/sources_1/new/FullAdder.vhd:24' bound to instance 'fa5' of component 'FullAdder' [C:/Users/ignacio/Desktop/proyecto-grupo34-main/proyecto-grupo34-main/Proyecto Base/Proyecto Base.srcs/sources_1/new/Sumador16bits.vhd:58]
INFO: [Synth 8-3491] module 'FullAdder' declared at 'C:/Users/ignacio/Desktop/proyecto-grupo34-main/proyecto-grupo34-main/Proyecto Base/Proyecto Base.srcs/sources_1/new/FullAdder.vhd:24' bound to instance 'fa6' of component 'FullAdder' [C:/Users/ignacio/Desktop/proyecto-grupo34-main/proyecto-grupo34-main/Proyecto Base/Proyecto Base.srcs/sources_1/new/Sumador16bits.vhd:59]
INFO: [Synth 8-3491] module 'FullAdder' declared at 'C:/Users/ignacio/Desktop/proyecto-grupo34-main/proyecto-grupo34-main/Proyecto Base/Proyecto Base.srcs/sources_1/new/FullAdder.vhd:24' bound to instance 'fa7' of component 'FullAdder' [C:/Users/ignacio/Desktop/proyecto-grupo34-main/proyecto-grupo34-main/Proyecto Base/Proyecto Base.srcs/sources_1/new/Sumador16bits.vhd:60]
INFO: [Synth 8-3491] module 'FullAdder' declared at 'C:/Users/ignacio/Desktop/proyecto-grupo34-main/proyecto-grupo34-main/Proyecto Base/Proyecto Base.srcs/sources_1/new/FullAdder.vhd:24' bound to instance 'fa8' of component 'FullAdder' [C:/Users/ignacio/Desktop/proyecto-grupo34-main/proyecto-grupo34-main/Proyecto Base/Proyecto Base.srcs/sources_1/new/Sumador16bits.vhd:61]
INFO: [Synth 8-3491] module 'FullAdder' declared at 'C:/Users/ignacio/Desktop/proyecto-grupo34-main/proyecto-grupo34-main/Proyecto Base/Proyecto Base.srcs/sources_1/new/FullAdder.vhd:24' bound to instance 'fa9' of component 'FullAdder' [C:/Users/ignacio/Desktop/proyecto-grupo34-main/proyecto-grupo34-main/Proyecto Base/Proyecto Base.srcs/sources_1/new/Sumador16bits.vhd:62]
INFO: [Synth 8-3491] module 'FullAdder' declared at 'C:/Users/ignacio/Desktop/proyecto-grupo34-main/proyecto-grupo34-main/Proyecto Base/Proyecto Base.srcs/sources_1/new/FullAdder.vhd:24' bound to instance 'fa10' of component 'FullAdder' [C:/Users/ignacio/Desktop/proyecto-grupo34-main/proyecto-grupo34-main/Proyecto Base/Proyecto Base.srcs/sources_1/new/Sumador16bits.vhd:63]
INFO: [Synth 8-3491] module 'FullAdder' declared at 'C:/Users/ignacio/Desktop/proyecto-grupo34-main/proyecto-grupo34-main/Proyecto Base/Proyecto Base.srcs/sources_1/new/FullAdder.vhd:24' bound to instance 'fa11' of component 'FullAdder' [C:/Users/ignacio/Desktop/proyecto-grupo34-main/proyecto-grupo34-main/Proyecto Base/Proyecto Base.srcs/sources_1/new/Sumador16bits.vhd:64]
INFO: [Synth 8-3491] module 'FullAdder' declared at 'C:/Users/ignacio/Desktop/proyecto-grupo34-main/proyecto-grupo34-main/Proyecto Base/Proyecto Base.srcs/sources_1/new/FullAdder.vhd:24' bound to instance 'fa12' of component 'FullAdder' [C:/Users/ignacio/Desktop/proyecto-grupo34-main/proyecto-grupo34-main/Proyecto Base/Proyecto Base.srcs/sources_1/new/Sumador16bits.vhd:65]
INFO: [Synth 8-3491] module 'FullAdder' declared at 'C:/Users/ignacio/Desktop/proyecto-grupo34-main/proyecto-grupo34-main/Proyecto Base/Proyecto Base.srcs/sources_1/new/FullAdder.vhd:24' bound to instance 'fa13' of component 'FullAdder' [C:/Users/ignacio/Desktop/proyecto-grupo34-main/proyecto-grupo34-main/Proyecto Base/Proyecto Base.srcs/sources_1/new/Sumador16bits.vhd:66]
INFO: [Synth 8-3491] module 'FullAdder' declared at 'C:/Users/ignacio/Desktop/proyecto-grupo34-main/proyecto-grupo34-main/Proyecto Base/Proyecto Base.srcs/sources_1/new/FullAdder.vhd:24' bound to instance 'fa14' of component 'FullAdder' [C:/Users/ignacio/Desktop/proyecto-grupo34-main/proyecto-grupo34-main/Proyecto Base/Proyecto Base.srcs/sources_1/new/Sumador16bits.vhd:67]
INFO: [Synth 8-3491] module 'FullAdder' declared at 'C:/Users/ignacio/Desktop/proyecto-grupo34-main/proyecto-grupo34-main/Proyecto Base/Proyecto Base.srcs/sources_1/new/FullAdder.vhd:24' bound to instance 'fa15' of component 'FullAdder' [C:/Users/ignacio/Desktop/proyecto-grupo34-main/proyecto-grupo34-main/Proyecto Base/Proyecto Base.srcs/sources_1/new/Sumador16bits.vhd:68]
INFO: [Synth 8-256] done synthesizing module 'Sumador16bits' (7#1) [C:/Users/ignacio/Desktop/proyecto-grupo34-main/proyecto-grupo34-main/Proyecto Base/Proyecto Base.srcs/sources_1/new/Sumador16bits.vhd:34]
INFO: [Synth 8-3491] module 'Resta16bits' declared at 'C:/Users/ignacio/Desktop/proyecto-grupo34-main/proyecto-grupo34-main/Proyecto Base/Proyecto Base.srcs/sources_1/new/Resta16bits.vhd:24' bound to instance 'restador_inst' of component 'Resta16bits' [C:/Users/ignacio/Desktop/proyecto-grupo34-main/proyecto-grupo34-main/Proyecto Base/Proyecto Base.srcs/sources_1/new/ALU.vhd:75]
INFO: [Synth 8-638] synthesizing module 'Resta16bits' [C:/Users/ignacio/Desktop/proyecto-grupo34-main/proyecto-grupo34-main/Proyecto Base/Proyecto Base.srcs/sources_1/new/Resta16bits.vhd:33]
INFO: [Synth 8-3491] module 'Sumador16bits' declared at 'C:/Users/ignacio/Desktop/proyecto-grupo34-main/proyecto-grupo34-main/Proyecto Base/Proyecto Base.srcs/sources_1/new/Sumador16bits.vhd:24' bound to instance 'restador' of component 'Sumador16bits' [C:/Users/ignacio/Desktop/proyecto-grupo34-main/proyecto-grupo34-main/Proyecto Base/Proyecto Base.srcs/sources_1/new/Resta16bits.vhd:52]
INFO: [Synth 8-256] done synthesizing module 'Resta16bits' (8#1) [C:/Users/ignacio/Desktop/proyecto-grupo34-main/proyecto-grupo34-main/Proyecto Base/Proyecto Base.srcs/sources_1/new/Resta16bits.vhd:33]
INFO: [Synth 8-256] done synthesizing module 'ALU' (9#1) [C:/Users/ignacio/Desktop/proyecto-grupo34-main/proyecto-grupo34-main/Proyecto Base/Proyecto Base.srcs/sources_1/new/ALU.vhd:33]
INFO: [Synth 8-3491] module 'Registro16' declared at 'C:/Users/ignacio/Desktop/proyecto-grupo34-main/proyecto-grupo34-main/Proyecto Base/Proyecto Base.srcs/sources_1/new/Registro16.vhd:23' bound to instance 'reg_a_inst' of component 'Registro16' [C:/Users/ignacio/Desktop/proyecto-grupo34-main/proyecto-grupo34-main/project_1_ff/project_1_ff.srcs/sources_1/new/RegisterFile.vhd:163]
INFO: [Synth 8-638] synthesizing module 'Registro16' [C:/Users/ignacio/Desktop/proyecto-grupo34-main/proyecto-grupo34-main/Proyecto Base/Proyecto Base.srcs/sources_1/new/Registro16.vhd:33]
INFO: [Synth 8-3491] module 'ffd' declared at 'C:/Users/ignacio/Desktop/proyecto-grupo34-main/proyecto-grupo34-main/Proyecto Base/Proyecto Base.srcs/sources_1/new/FFD.vhd:4' bound to instance 'ff0' of component 'ffd' [C:/Users/ignacio/Desktop/proyecto-grupo34-main/proyecto-grupo34-main/Proyecto Base/Proyecto Base.srcs/sources_1/new/Registro16.vhd:44]
INFO: [Synth 8-3491] module 'ffd' declared at 'C:/Users/ignacio/Desktop/proyecto-grupo34-main/proyecto-grupo34-main/Proyecto Base/Proyecto Base.srcs/sources_1/new/FFD.vhd:4' bound to instance 'ff1' of component 'ffd' [C:/Users/ignacio/Desktop/proyecto-grupo34-main/proyecto-grupo34-main/Proyecto Base/Proyecto Base.srcs/sources_1/new/Registro16.vhd:45]
INFO: [Synth 8-3491] module 'ffd' declared at 'C:/Users/ignacio/Desktop/proyecto-grupo34-main/proyecto-grupo34-main/Proyecto Base/Proyecto Base.srcs/sources_1/new/FFD.vhd:4' bound to instance 'ff2' of component 'ffd' [C:/Users/ignacio/Desktop/proyecto-grupo34-main/proyecto-grupo34-main/Proyecto Base/Proyecto Base.srcs/sources_1/new/Registro16.vhd:46]
INFO: [Synth 8-3491] module 'ffd' declared at 'C:/Users/ignacio/Desktop/proyecto-grupo34-main/proyecto-grupo34-main/Proyecto Base/Proyecto Base.srcs/sources_1/new/FFD.vhd:4' bound to instance 'ff3' of component 'ffd' [C:/Users/ignacio/Desktop/proyecto-grupo34-main/proyecto-grupo34-main/Proyecto Base/Proyecto Base.srcs/sources_1/new/Registro16.vhd:47]
INFO: [Synth 8-3491] module 'ffd' declared at 'C:/Users/ignacio/Desktop/proyecto-grupo34-main/proyecto-grupo34-main/Proyecto Base/Proyecto Base.srcs/sources_1/new/FFD.vhd:4' bound to instance 'ff4' of component 'ffd' [C:/Users/ignacio/Desktop/proyecto-grupo34-main/proyecto-grupo34-main/Proyecto Base/Proyecto Base.srcs/sources_1/new/Registro16.vhd:48]
INFO: [Synth 8-3491] module 'ffd' declared at 'C:/Users/ignacio/Desktop/proyecto-grupo34-main/proyecto-grupo34-main/Proyecto Base/Proyecto Base.srcs/sources_1/new/FFD.vhd:4' bound to instance 'ff5' of component 'ffd' [C:/Users/ignacio/Desktop/proyecto-grupo34-main/proyecto-grupo34-main/Proyecto Base/Proyecto Base.srcs/sources_1/new/Registro16.vhd:49]
INFO: [Synth 8-3491] module 'ffd' declared at 'C:/Users/ignacio/Desktop/proyecto-grupo34-main/proyecto-grupo34-main/Proyecto Base/Proyecto Base.srcs/sources_1/new/FFD.vhd:4' bound to instance 'ff6' of component 'ffd' [C:/Users/ignacio/Desktop/proyecto-grupo34-main/proyecto-grupo34-main/Proyecto Base/Proyecto Base.srcs/sources_1/new/Registro16.vhd:50]
INFO: [Synth 8-3491] module 'ffd' declared at 'C:/Users/ignacio/Desktop/proyecto-grupo34-main/proyecto-grupo34-main/Proyecto Base/Proyecto Base.srcs/sources_1/new/FFD.vhd:4' bound to instance 'ff7' of component 'ffd' [C:/Users/ignacio/Desktop/proyecto-grupo34-main/proyecto-grupo34-main/Proyecto Base/Proyecto Base.srcs/sources_1/new/Registro16.vhd:51]
INFO: [Synth 8-3491] module 'ffd' declared at 'C:/Users/ignacio/Desktop/proyecto-grupo34-main/proyecto-grupo34-main/Proyecto Base/Proyecto Base.srcs/sources_1/new/FFD.vhd:4' bound to instance 'ff8' of component 'ffd' [C:/Users/ignacio/Desktop/proyecto-grupo34-main/proyecto-grupo34-main/Proyecto Base/Proyecto Base.srcs/sources_1/new/Registro16.vhd:52]
INFO: [Synth 8-3491] module 'ffd' declared at 'C:/Users/ignacio/Desktop/proyecto-grupo34-main/proyecto-grupo34-main/Proyecto Base/Proyecto Base.srcs/sources_1/new/FFD.vhd:4' bound to instance 'ff9' of component 'ffd' [C:/Users/ignacio/Desktop/proyecto-grupo34-main/proyecto-grupo34-main/Proyecto Base/Proyecto Base.srcs/sources_1/new/Registro16.vhd:53]
INFO: [Synth 8-3491] module 'ffd' declared at 'C:/Users/ignacio/Desktop/proyecto-grupo34-main/proyecto-grupo34-main/Proyecto Base/Proyecto Base.srcs/sources_1/new/FFD.vhd:4' bound to instance 'ff10' of component 'ffd' [C:/Users/ignacio/Desktop/proyecto-grupo34-main/proyecto-grupo34-main/Proyecto Base/Proyecto Base.srcs/sources_1/new/Registro16.vhd:54]
INFO: [Synth 8-3491] module 'ffd' declared at 'C:/Users/ignacio/Desktop/proyecto-grupo34-main/proyecto-grupo34-main/Proyecto Base/Proyecto Base.srcs/sources_1/new/FFD.vhd:4' bound to instance 'ff11' of component 'ffd' [C:/Users/ignacio/Desktop/proyecto-grupo34-main/proyecto-grupo34-main/Proyecto Base/Proyecto Base.srcs/sources_1/new/Registro16.vhd:55]
INFO: [Synth 8-3491] module 'ffd' declared at 'C:/Users/ignacio/Desktop/proyecto-grupo34-main/proyecto-grupo34-main/Proyecto Base/Proyecto Base.srcs/sources_1/new/FFD.vhd:4' bound to instance 'ff12' of component 'ffd' [C:/Users/ignacio/Desktop/proyecto-grupo34-main/proyecto-grupo34-main/Proyecto Base/Proyecto Base.srcs/sources_1/new/Registro16.vhd:56]
INFO: [Synth 8-3491] module 'ffd' declared at 'C:/Users/ignacio/Desktop/proyecto-grupo34-main/proyecto-grupo34-main/Proyecto Base/Proyecto Base.srcs/sources_1/new/FFD.vhd:4' bound to instance 'ff13' of component 'ffd' [C:/Users/ignacio/Desktop/proyecto-grupo34-main/proyecto-grupo34-main/Proyecto Base/Proyecto Base.srcs/sources_1/new/Registro16.vhd:57]
INFO: [Synth 8-3491] module 'ffd' declared at 'C:/Users/ignacio/Desktop/proyecto-grupo34-main/proyecto-grupo34-main/Proyecto Base/Proyecto Base.srcs/sources_1/new/FFD.vhd:4' bound to instance 'ff14' of component 'ffd' [C:/Users/ignacio/Desktop/proyecto-grupo34-main/proyecto-grupo34-main/Proyecto Base/Proyecto Base.srcs/sources_1/new/Registro16.vhd:58]
INFO: [Synth 8-3491] module 'ffd' declared at 'C:/Users/ignacio/Desktop/proyecto-grupo34-main/proyecto-grupo34-main/Proyecto Base/Proyecto Base.srcs/sources_1/new/FFD.vhd:4' bound to instance 'ff15' of component 'ffd' [C:/Users/ignacio/Desktop/proyecto-grupo34-main/proyecto-grupo34-main/Proyecto Base/Proyecto Base.srcs/sources_1/new/Registro16.vhd:59]
INFO: [Synth 8-256] done synthesizing module 'Registro16' (10#1) [C:/Users/ignacio/Desktop/proyecto-grupo34-main/proyecto-grupo34-main/Proyecto Base/Proyecto Base.srcs/sources_1/new/Registro16.vhd:33]
INFO: [Synth 8-3491] module 'Registro16' declared at 'C:/Users/ignacio/Desktop/proyecto-grupo34-main/proyecto-grupo34-main/Proyecto Base/Proyecto Base.srcs/sources_1/new/Registro16.vhd:23' bound to instance 'reg_b_inst' of component 'Registro16' [C:/Users/ignacio/Desktop/proyecto-grupo34-main/proyecto-grupo34-main/project_1_ff/project_1_ff.srcs/sources_1/new/RegisterFile.vhd:164]
INFO: [Synth 8-3491] module 'Registro16' declared at 'C:/Users/ignacio/Desktop/proyecto-grupo34-main/proyecto-grupo34-main/Proyecto Base/Proyecto Base.srcs/sources_1/new/Registro16.vhd:23' bound to instance 'reg_c_inst' of component 'Registro16' [C:/Users/ignacio/Desktop/proyecto-grupo34-main/proyecto-grupo34-main/project_1_ff/project_1_ff.srcs/sources_1/new/RegisterFile.vhd:165]
INFO: [Synth 8-3491] module 'Registro16' declared at 'C:/Users/ignacio/Desktop/proyecto-grupo34-main/proyecto-grupo34-main/Proyecto Base/Proyecto Base.srcs/sources_1/new/Registro16.vhd:23' bound to instance 'reg_d_inst' of component 'Registro16' [C:/Users/ignacio/Desktop/proyecto-grupo34-main/proyecto-grupo34-main/project_1_ff/project_1_ff.srcs/sources_1/new/RegisterFile.vhd:166]
INFO: [Synth 8-3491] module 'DemultiplexorCargaRegistro' declared at 'C:/Users/ignacio/Desktop/proyecto-grupo34-main/proyecto-grupo34-main/Proyecto Base/Proyecto Base.srcs/sources_1/new/DemultiplexorCargaRegistro.vhd:24' bound to instance 'demux_inst' of component 'DemultiplexorCargaRegistro' [C:/Users/ignacio/Desktop/proyecto-grupo34-main/proyecto-grupo34-main/project_1_ff/project_1_ff.srcs/sources_1/new/RegisterFile.vhd:169]
INFO: [Synth 8-638] synthesizing module 'DemultiplexorCargaRegistro' [C:/Users/ignacio/Desktop/proyecto-grupo34-main/proyecto-grupo34-main/Proyecto Base/Proyecto Base.srcs/sources_1/new/DemultiplexorCargaRegistro.vhd:35]
INFO: [Synth 8-256] done synthesizing module 'DemultiplexorCargaRegistro' (11#1) [C:/Users/ignacio/Desktop/proyecto-grupo34-main/proyecto-grupo34-main/Proyecto Base/Proyecto Base.srcs/sources_1/new/DemultiplexorCargaRegistro.vhd:35]
INFO: [Synth 8-3491] module 'MultiplexorSeleccionRegistro' declared at 'C:/Users/ignacio/Desktop/proyecto-grupo34-main/proyecto-grupo34-main/Proyecto Base/Proyecto Base.srcs/sources_1/new/MultiplexorSeleccionRegistro.vhd:24' bound to instance 'mux_first' of component 'MultiplexorSeleccionRegistro' [C:/Users/ignacio/Desktop/proyecto-grupo34-main/proyecto-grupo34-main/project_1_ff/project_1_ff.srcs/sources_1/new/RegisterFile.vhd:179]
INFO: [Synth 8-638] synthesizing module 'MultiplexorSeleccionRegistro' [C:/Users/ignacio/Desktop/proyecto-grupo34-main/proyecto-grupo34-main/Proyecto Base/Proyecto Base.srcs/sources_1/new/MultiplexorSeleccionRegistro.vhd:35]
INFO: [Synth 8-256] done synthesizing module 'MultiplexorSeleccionRegistro' (12#1) [C:/Users/ignacio/Desktop/proyecto-grupo34-main/proyecto-grupo34-main/Proyecto Base/Proyecto Base.srcs/sources_1/new/MultiplexorSeleccionRegistro.vhd:35]
INFO: [Synth 8-3491] module 'MultiplexorSeleccionRegistro' declared at 'C:/Users/ignacio/Desktop/proyecto-grupo34-main/proyecto-grupo34-main/Proyecto Base/Proyecto Base.srcs/sources_1/new/MultiplexorSeleccionRegistro.vhd:24' bound to instance 'mux_second' of component 'MultiplexorSeleccionRegistro' [C:/Users/ignacio/Desktop/proyecto-grupo34-main/proyecto-grupo34-main/project_1_ff/project_1_ff.srcs/sources_1/new/RegisterFile.vhd:188]
INFO: [Synth 8-256] done synthesizing module 'RegisterFile' (13#1) [C:/Users/ignacio/Desktop/proyecto-grupo34-main/proyecto-grupo34-main/project_1_ff/project_1_ff.srcs/sources_1/new/RegisterFile.vhd:42]
INFO: [Synth 8-256] done synthesizing module 'Basys3' (14#1) [C:/Users/ignacio/Desktop/proyecto-grupo34-main/proyecto-grupo34-main/project_1_ff/project_1_ff.srcs/sources_1/new/Basys3.vhd:15]
WARNING: [Synth 8-3917] design Basys3 has port led[12] driven by constant 0
---------------------------------------------------------------------------------
Finished RTL Elaboration : Time (s): cpu = 00:00:05 ; elapsed = 00:00:05 . Memory (MB): peak = 842.906 ; gain = 308.762
---------------------------------------------------------------------------------

Report Check Netlist: 
+------+------------------+-------+---------+-------+------------------+
|      |Item              |Errors |Warnings |Status |Description       |
+------+------------------+-------+---------+-------+------------------+
|1     |multi_driven_nets |      0|        0|Passed |Multi driven nets |
+------+------------------+-------+---------+-------+------------------+
---------------------------------------------------------------------------------
Start Handling Custom Attributes
---------------------------------------------------------------------------------
---------------------------------------------------------------------------------
Finished Handling Custom Attributes : Time (s): cpu = 00:00:05 ; elapsed = 00:00:06 . Memory (MB): peak = 842.906 ; gain = 308.762
---------------------------------------------------------------------------------
---------------------------------------------------------------------------------
Finished RTL Optimization Phase 1 : Time (s): cpu = 00:00:05 ; elapsed = 00:00:06 . Memory (MB): peak = 842.906 ; gain = 308.762
---------------------------------------------------------------------------------
Netlist sorting complete. Time (s): cpu = 00:00:00 ; elapsed = 00:00:00.006 . Memory (MB): peak = 842.906 ; gain = 0.000
INFO: [Project 1-570] Preparing netlist for logic optimization

Processing XDC Constraints
Initializing timing engine
Parsing XDC File [C:/Users/ignacio/Desktop/proyecto-grupo34-main/proyecto-grupo34-main/project_1_ff/project_1_ff.srcs/constrs_1/new/Basys3.xdc]
Finished Parsing XDC File [C:/Users/ignacio/Desktop/proyecto-grupo34-main/proyecto-grupo34-main/project_1_ff/project_1_ff.srcs/constrs_1/new/Basys3.xdc]
INFO: [Project 1-236] Implementation specific constraints were found while reading constraint file [C:/Users/ignacio/Desktop/proyecto-grupo34-main/proyecto-grupo34-main/project_1_ff/project_1_ff.srcs/constrs_1/new/Basys3.xdc]. These constraints will be ignored for synthesis but will be used in implementation. Impacted constraints are listed in the file [.Xil/Basys3_propImpl.xdc].
Resolution: To avoid this warning, move constraints listed in [.Xil/Basys3_propImpl.xdc] to another XDC file and exclude this new file from synthesis with the used_in_synthesis property (File Properties dialog in GUI) and re-run elaboration/synthesis.
Completed Processing XDC Constraints

Netlist sorting complete. Time (s): cpu = 00:00:00 ; elapsed = 00:00:00 . Memory (MB): peak = 941.074 ; gain = 0.000
INFO: [Project 1-111] Unisim Transformation Summary:
No Unisim elements were transformed.

Constraint Validation Runtime : Time (s): cpu = 00:00:00 ; elapsed = 00:00:00.004 . Memory (MB): peak = 941.074 ; gain = 0.000
---------------------------------------------------------------------------------
Finished Constraint Validation : Time (s): cpu = 00:00:11 ; elapsed = 00:00:11 . Memory (MB): peak = 941.074 ; gain = 406.930
---------------------------------------------------------------------------------
---------------------------------------------------------------------------------
Start Loading Part and Timing Information
---------------------------------------------------------------------------------
Loading part: xc7a35tcpg236-1
---------------------------------------------------------------------------------
Finished Loading Part and Timing Information : Time (s): cpu = 00:00:11 ; elapsed = 00:00:11 . Memory (MB): peak = 941.074 ; gain = 406.930
---------------------------------------------------------------------------------
---------------------------------------------------------------------------------
Start Applying 'set_property' XDC Constraints
---------------------------------------------------------------------------------
---------------------------------------------------------------------------------
Finished applying 'set_property' XDC Constraints : Time (s): cpu = 00:00:11 ; elapsed = 00:00:11 . Memory (MB): peak = 941.074 ; gain = 406.930
---------------------------------------------------------------------------------
---------------------------------------------------------------------------------
Finished RTL Optimization Phase 2 : Time (s): cpu = 00:00:11 ; elapsed = 00:00:12 . Memory (MB): peak = 941.074 ; gain = 406.930
---------------------------------------------------------------------------------

Report RTL Partitions: 
+-+--------------+------------+----------+
| |RTL Partition |Replication |Instances |
+-+--------------+------------+----------+
+-+--------------+------------+----------+
---------------------------------------------------------------------------------
Start RTL Component Statistics 
---------------------------------------------------------------------------------
Detailed RTL Component Info : 
+---Adders : 
	   2 Input      2 Bit       Adders := 1     
+---XORs : 
	   2 Input     16 Bit         XORs := 1     
	   2 Input      1 Bit         XORs := 16    
	   3 Input      1 Bit         XORs := 32    
+---Registers : 
	                2 Bit    Registers := 1     
	                1 Bit    Registers := 84    
+---Muxes : 
	   4 Input     16 Bit        Muxes := 3     
	   2 Input     16 Bit        Muxes := 1     
	   4 Input      4 Bit        Muxes := 2     
	   2 Input      1 Bit        Muxes := 7     
---------------------------------------------------------------------------------
Finished RTL Component Statistics 
---------------------------------------------------------------------------------
---------------------------------------------------------------------------------
Start RTL Hierarchical Component Statistics 
---------------------------------------------------------------------------------
Hierarchical RTL Component report 
Module Basys3 
Detailed RTL Component Info : 
+---Muxes : 
	   2 Input     16 Bit        Muxes := 1     
	   4 Input     16 Bit        Muxes := 1     
Module Display_Controller 
Detailed RTL Component Info : 
+---Adders : 
	   2 Input      2 Bit       Adders := 1     
+---Registers : 
	                2 Bit    Registers := 1     
+---Muxes : 
	   4 Input      4 Bit        Muxes := 2     
Module Debouncer 
Detailed RTL Component Info : 
+---XORs : 
	   2 Input      1 Bit         XORs := 1     
+---Registers : 
	                1 Bit    Registers := 1     
+---Muxes : 
	   2 Input      1 Bit        Muxes := 1     
Module ffd 
Detailed RTL Component Info : 
+---Registers : 
	                1 Bit    Registers := 1     
Module FullAdder 
Detailed RTL Component Info : 
+---XORs : 
	   3 Input      1 Bit         XORs := 1     
Module ALU 
Detailed RTL Component Info : 
+---XORs : 
	   2 Input     16 Bit         XORs := 1     
+---Muxes : 
	   2 Input      1 Bit        Muxes := 2     
Module MultiplexorSeleccionRegistro 
Detailed RTL Component Info : 
+---Muxes : 
	   4 Input     16 Bit        Muxes := 1     
Module RegisterFile 
Detailed RTL Component Info : 
+---XORs : 
	   2 Input      1 Bit         XORs := 11    
---------------------------------------------------------------------------------
Finished RTL Hierarchical Component Statistics
---------------------------------------------------------------------------------
---------------------------------------------------------------------------------
Start Part Resource Summary
---------------------------------------------------------------------------------
Part Resources:
DSPs: 90 (col length:60)
BRAMs: 100 (col length: RAMB18 60 RAMB36 30)
---------------------------------------------------------------------------------
Finished Part Resource Summary
---------------------------------------------------------------------------------
---------------------------------------------------------------------------------
Start Cross Boundary and Area Optimization
---------------------------------------------------------------------------------
Warning: Parallel synthesis criteria is not met 
WARNING: [Synth 8-3917] design Basys3 has port led[12] driven by constant 0
---------------------------------------------------------------------------------
Finished Cross Boundary and Area Optimization : Time (s): cpu = 00:00:16 ; elapsed = 00:00:17 . Memory (MB): peak = 941.074 ; gain = 406.930
---------------------------------------------------------------------------------

Report RTL Partitions: 
+-+--------------+------------+----------+
| |RTL Partition |Replication |Instances |
+-+--------------+------------+----------+
+-+--------------+------------+----------+
---------------------------------------------------------------------------------
Start Applying XDC Timing Constraints
---------------------------------------------------------------------------------
---------------------------------------------------------------------------------
Finished Applying XDC Timing Constraints : Time (s): cpu = 00:00:22 ; elapsed = 00:00:24 . Memory (MB): peak = 941.074 ; gain = 406.930
---------------------------------------------------------------------------------
---------------------------------------------------------------------------------
Start Timing Optimization
---------------------------------------------------------------------------------
---------------------------------------------------------------------------------
Finished Timing Optimization : Time (s): cpu = 00:00:28 ; elapsed = 00:00:29 . Memory (MB): peak = 1091.969 ; gain = 557.824
---------------------------------------------------------------------------------

Report RTL Partitions: 
+-+--------------+------------+----------+
| |RTL Partition |Replication |Instances |
+-+--------------+------------+----------+
+-+--------------+------------+----------+
---------------------------------------------------------------------------------
Start Technology Mapping
---------------------------------------------------------------------------------
---------------------------------------------------------------------------------
Finished Technology Mapping : Time (s): cpu = 00:00:28 ; elapsed = 00:00:29 . Memory (MB): peak = 1091.969 ; gain = 557.824
---------------------------------------------------------------------------------

Report RTL Partitions: 
+-+--------------+------------+----------+
| |RTL Partition |Replication |Instances |
+-+--------------+------------+----------+
+-+--------------+------------+----------+
---------------------------------------------------------------------------------
Start IO Insertion
---------------------------------------------------------------------------------
---------------------------------------------------------------------------------
Start Flattening Before IO Insertion
---------------------------------------------------------------------------------
---------------------------------------------------------------------------------
Finished Flattening Before IO Insertion
---------------------------------------------------------------------------------
---------------------------------------------------------------------------------
Start Final Netlist Cleanup
---------------------------------------------------------------------------------
---------------------------------------------------------------------------------
Finished Final Netlist Cleanup
---------------------------------------------------------------------------------
---------------------------------------------------------------------------------
Finished IO Insertion : Time (s): cpu = 00:00:32 ; elapsed = 00:00:33 . Memory (MB): peak = 1091.969 ; gain = 557.824
---------------------------------------------------------------------------------
---------------------------------------------------------------------------------
Start Renaming Generated Instances
---------------------------------------------------------------------------------
---------------------------------------------------------------------------------
Finished Renaming Generated Instances : Time (s): cpu = 00:00:32 ; elapsed = 00:00:33 . Memory (MB): peak = 1091.969 ; gain = 557.824
---------------------------------------------------------------------------------

Report RTL Partitions: 
+-+--------------+------------+----------+
| |RTL Partition |Replication |Instances |
+-+--------------+------------+----------+
+-+--------------+------------+----------+

Report Check Netlist: 
+------+------------------+-------+---------+-------+------------------+
|      |Item              |Errors |Warnings |Status |Description       |
+------+------------------+-------+---------+-------+------------------+
|1     |multi_driven_nets |      0|        0|Passed |Multi driven nets |
+------+------------------+-------+---------+-------+------------------+
---------------------------------------------------------------------------------
Start Rebuilding User Hierarchy
---------------------------------------------------------------------------------
---------------------------------------------------------------------------------
Finished Rebuilding User Hierarchy : Time (s): cpu = 00:00:32 ; elapsed = 00:00:33 . Memory (MB): peak = 1091.969 ; gain = 557.824
---------------------------------------------------------------------------------
---------------------------------------------------------------------------------
Start Renaming Generated Ports
---------------------------------------------------------------------------------
---------------------------------------------------------------------------------
Finished Renaming Generated Ports : Time (s): cpu = 00:00:32 ; elapsed = 00:00:33 . Memory (MB): peak = 1091.969 ; gain = 557.824
---------------------------------------------------------------------------------
---------------------------------------------------------------------------------
Start Handling Custom Attributes
---------------------------------------------------------------------------------
---------------------------------------------------------------------------------
Finished Handling Custom Attributes : Time (s): cpu = 00:00:32 ; elapsed = 00:00:33 . Memory (MB): peak = 1091.969 ; gain = 557.824
---------------------------------------------------------------------------------
---------------------------------------------------------------------------------
Start Renaming Generated Nets
---------------------------------------------------------------------------------
---------------------------------------------------------------------------------
Finished Renaming Generated Nets : Time (s): cpu = 00:00:32 ; elapsed = 00:00:33 . Memory (MB): peak = 1091.969 ; gain = 557.824
---------------------------------------------------------------------------------
---------------------------------------------------------------------------------
Start Writing Synthesis Report
---------------------------------------------------------------------------------

Report BlackBoxes: 
+-+--------------+----------+
| |BlackBox name |Instances |
+-+--------------+----------+
+-+--------------+----------+

Report Cell Usage: 
+------+-------+------+
|      |Cell   |Count |
+------+-------+------+
|1     |BUFG   |     2|
|2     |CARRY4 |    17|
|3     |LUT1   |     6|
|4     |LUT2   |    22|
|5     |LUT3   |    27|
|6     |LUT4   |    19|
|7     |LUT5   |    40|
|8     |LUT6   |    94|
|9     |FDRE   |   149|
|10    |IBUF   |    20|
|11    |OBUF   |    28|
+------+-------+------+

Report Instance Areas: 
+------+--------------------------+-------------------+------+
|      |Instance                  |Module             |Cells |
+------+--------------------------+-------------------+------+
|1     |top                       |                   |   424|
|2     |  inst_Debouncer0         |Debouncer          |    28|
|3     |  inst_Debouncer1         |Debouncer_0        |    29|
|4     |  inst_Debouncer2         |Debouncer_1        |    28|
|5     |  inst_Display_Controller |Display_Controller |    44|
|6     |  inst_RegisterFile       |RegisterFile       |    55|
|7     |    pc_reg                |RegistroPC         |    26|
|8     |      ff0                 |ffd_4              |     3|
|9     |      ff1                 |ffd_5              |     2|
|10    |      ff10                |ffd_6              |     1|
|11    |      ff11                |ffd_7              |     1|
|12    |      ff2                 |ffd_8              |     7|
|13    |      ff3                 |ffd_9              |     2|
|14    |      ff4                 |ffd_10             |     2|
|15    |      ff5                 |ffd_11             |     1|
|16    |      ff6                 |ffd_12             |     1|
|17    |      ff7                 |ffd_13             |     3|
|18    |      ff8                 |ffd_14             |     2|
|19    |      ff9                 |ffd_15             |     1|
|20    |    status_reg            |RegistroStatus     |    29|
|21    |      ff0                 |ffd                |     8|
|22    |      ff1                 |ffd_2              |     4|
|23    |      ff2                 |ffd_3              |    17|
+------+--------------------------+-------------------+------+
---------------------------------------------------------------------------------
Finished Writing Synthesis Report : Time (s): cpu = 00:00:32 ; elapsed = 00:00:33 . Memory (MB): peak = 1091.969 ; gain = 557.824
---------------------------------------------------------------------------------
Synthesis finished with 0 errors, 0 critical warnings and 1 warnings.
Synthesis Optimization Runtime : Time (s): cpu = 00:00:25 ; elapsed = 00:00:31 . Memory (MB): peak = 1091.969 ; gain = 459.656
Synthesis Optimization Complete : Time (s): cpu = 00:00:32 ; elapsed = 00:00:33 . Memory (MB): peak = 1091.969 ; gain = 557.824
INFO: [Project 1-571] Translating synthesized netlist
Netlist sorting complete. Time (s): cpu = 00:00:00 ; elapsed = 00:00:00.004 . Memory (MB): peak = 1103.418 ; gain = 0.000
INFO: [Netlist 29-17] Analyzing 17 Unisim elements for replacement
INFO: [Netlist 29-28] Unisim Transformation completed in 0 CPU seconds
INFO: [Project 1-570] Preparing netlist for logic optimization
INFO: [Opt 31-138] Pushed 0 inverter(s) to 0 load pin(s).
Netlist sorting complete. Time (s): cpu = 00:00:00 ; elapsed = 00:00:00 . Memory (MB): peak = 1103.418 ; gain = 0.000
INFO: [Project 1-111] Unisim Transformation Summary:
No Unisim elements were transformed.

INFO: [Common 17-83] Releasing license: Synthesis
108 Infos, 2 Warnings, 0 Critical Warnings and 0 Errors encountered.
synth_design completed successfully
synth_design: Time (s): cpu = 00:00:36 ; elapsed = 00:00:38 . Memory (MB): peak = 1103.418 ; gain = 805.027
Netlist sorting complete. Time (s): cpu = 00:00:00 ; elapsed = 00:00:00 . Memory (MB): peak = 1103.418 ; gain = 0.000
WARNING: [Constraints 18-5210] No constraints selected for write.
Resolution: This message can indicate that there are no constraints for the design, or it can indicate that the used_in flags are set such that the constraints are ignored. This later case is used when running synth_design to not write synthesis constraints to the resulting checkpoint. Instead, project constraints are read when the synthesized design is opened.
INFO: [Common 17-1381] The checkpoint 'C:/Users/ignacio/Desktop/proyecto-grupo34-main/proyecto-grupo34-main/project_1_ff/project_1_ff.runs/synth_1/Basys3.dcp' has been generated.
INFO: [runtcl-4] Executing : report_utilization -file Basys3_utilization_synth.rpt -pb Basys3_utilization_synth.pb
INFO: [Common 17-206] Exiting Vivado at Sat Apr  5 00:17:47 2025...
